<?xml version="1.0" encoding="UTF-8"?>
<testng-results ignored="0" total="1" passed="1" failed="0" skipped="0">
  <reporter-output>
  </reporter-output>
  <suite started-at="2018-04-19T11:57:24Z" name="POC" finished-at="2018-04-19T11:57:31Z" duration-ms="7056">
    <groups>
    </groups>
    <test started-at="2018-04-19T11:57:24Z" name="POCTest" finished-at="2018-04-19T11:57:31Z" duration-ms="7056">
      <class name="HTC.POC.SampleTestCase">
        <test-method is-config="true" signature="beforeSuite()[pri:0, instance:HTC.POC.SampleTestCase@45752059]" started-at="2018-04-19T11:57:24Z" name="beforeSuite" finished-at="2018-04-19T11:57:24Z" duration-ms="33" status="PASS">
          <reporter-output>
          </reporter-output>
        </test-method> <!-- beforeSuite -->
        <test-method is-config="true" signature="beforeTest()[pri:0, instance:HTC.POC.SampleTestCase@45752059]" started-at="2018-04-19T11:57:24Z" name="beforeTest" finished-at="2018-04-19T11:57:24Z" duration-ms="0" status="PASS">
          <reporter-output>
          </reporter-output>
        </test-method> <!-- beforeTest -->
        <test-method signature="f()[pri:0, instance:HTC.POC.SampleTestCase@45752059]" started-at="2018-04-19T11:57:24Z" name="f" finished-at="2018-04-19T11:57:31Z" duration-ms="7056" status="PASS">
          <reporter-output>
          </reporter-output>
        </test-method> <!-- f -->
        <test-method is-config="true" signature="afterTest()[pri:0, instance:HTC.POC.SampleTestCase@45752059]" started-at="2018-04-19T11:57:31Z" name="afterTest" finished-at="2018-04-19T11:57:31Z" duration-ms="0" status="PASS">
          <reporter-output>
          </reporter-output>
        </test-method> <!-- afterTest -->
        <test-method is-config="true" signature="afterSuite()[pri:0, instance:HTC.POC.SampleTestCase@45752059]" started-at="2018-04-19T11:57:31Z" name="afterSuite" finished-at="2018-04-19T11:57:31Z" duration-ms="0" status="PASS">
          <reporter-output>
          </reporter-output>
        </test-method> <!-- afterSuite -->
      </class> <!-- HTC.POC.SampleTestCase -->
    </test> <!-- POCTest -->
  </suite> <!-- POC -->
</testng-results>
